<?xml version="1.0" encoding="UTF-8"?>
<testng-results ignored="0" total="1" passed="1" failed="0" skipped="0">
  <reporter-output>
  </reporter-output>
  <suite started-at="2023-05-25T09:48:59 IST" name="Default suite" finished-at="2023-05-25T09:49:35 IST" duration-ms="36335">
    <groups>
    </groups>
    <test started-at="2023-05-25T09:48:59 IST" name="Default test" finished-at="2023-05-25T09:49:35 IST" duration-ms="36335">
      <class name="testScripts.AddTestingCourseToMyCartTest">
        <test-method is-config="true" signature="classConfig()[pri:0, instance:testScripts.AddTestingCourseToMyCartTest@4a7f959b]" started-at="2023-05-25T09:48:59 IST" name="classConfig" finished-at="2023-05-25T09:49:00 IST" duration-ms="1053" status="PASS">
          <reporter-output>
          </reporter-output>
        </test-method> <!-- classConfig -->
        <test-method is-config="true" signature="methodConfig()[pri:0, instance:testScripts.AddTestingCourseToMyCartTest@4a7f959b]" started-at="2023-05-25T09:49:00 IST" name="methodConfig" finished-at="2023-05-25T09:49:09 IST" duration-ms="9221" status="PASS">
          <reporter-output>
          </reporter-output>
        </test-method> <!-- methodConfig -->
        <test-method signature="addTestingPythonToCart()[pri:0, instance:testScripts.AddTestingCourseToMyCartTest@4a7f959b]" started-at="2023-05-25T09:49:09 IST" name="addTestingPythonToCart" finished-at="2023-05-25T09:49:34 IST" duration-ms="24551" status="PASS">
          <reporter-output>
          </reporter-output>
        </test-method> <!-- addTestingPythonToCart -->
        <test-method is-config="true" signature="methodTearDown()[pri:0, instance:testScripts.AddTestingCourseToMyCartTest@4a7f959b]" started-at="2023-05-25T09:49:34 IST" name="methodTearDown" finished-at="2023-05-25T09:49:35 IST" duration-ms="1459" status="PASS">
          <reporter-output>
          </reporter-output>
        </test-method> <!-- methodTearDown -->
        <test-method is-config="true" signature="classTearDown()[pri:0, instance:testScripts.AddTestingCourseToMyCartTest@4a7f959b]" started-at="2023-05-25T09:49:35 IST" name="classTearDown" finished-at="2023-05-25T09:49:35 IST" duration-ms="0" status="PASS">
          <reporter-output>
          </reporter-output>
        </test-method> <!-- classTearDown -->
      </class> <!-- testScripts.AddTestingCourseToMyCartTest -->
    </test> <!-- Default test -->
  </suite> <!-- Default suite -->
</testng-results>
